2021-06-19 12:26:14,756 INFO com.drycleaning.ProjectApplication [main] Starting ProjectApplication using Java 15.0.2 on LAPTOP-ET4EQ226 with PID 14556 (C:\Users\hp\eclipse-workspace\workspace2\Workspace3\project\bin\main started by hp in C:\Users\hp\eclipse-workspace\workspace2\Workspace3\project)
2021-06-19 12:26:14,769 INFO com.drycleaning.ProjectApplication [main] No active profile set, falling back to default profiles: default
2021-06-19 12:26:16,761 INFO org.springframework.data.repository.config.RepositoryConfigurationDelegate [main] Bootstrapping Spring Data JPA repositories in DEFAULT mode.
2021-06-19 12:26:17,039 INFO org.springframework.data.repository.config.RepositoryConfigurationDelegate [main] Finished Spring Data repository scanning in 249 ms. Found 7 JPA repository interfaces.
2021-06-19 12:26:18,310 INFO org.springframework.boot.web.embedded.tomcat.TomcatWebServer [main] Tomcat initialized with port(s): 8086 (http)
2021-06-19 12:26:18,342 INFO org.apache.coyote.http11.Http11NioProtocol [main] Initializing ProtocolHandler ["http-nio-8086"]
2021-06-19 12:26:18,343 INFO org.apache.catalina.core.StandardService [main] Starting service [Tomcat]
2021-06-19 12:26:18,343 INFO org.apache.catalina.core.StandardEngine [main] Starting Servlet engine: [Apache Tomcat/9.0.46]
2021-06-19 12:26:18,555 INFO org.apache.catalina.core.ContainerBase.[Tomcat].[localhost].[/] [main] Initializing Spring embedded WebApplicationContext
2021-06-19 12:26:18,556 INFO org.springframework.boot.web.servlet.context.ServletWebServerApplicationContext [main] Root WebApplicationContext: initialization completed in 3679 ms
2021-06-19 12:26:18,811 INFO com.zaxxer.hikari.HikariDataSource [main] HikariPool-1 - Starting...
2021-06-19 12:26:19,752 INFO com.zaxxer.hikari.HikariDataSource [main] HikariPool-1 - Start completed.
2021-06-19 12:26:20,269 INFO org.hibernate.jpa.internal.util.LogHelper [main] HHH000204: Processing PersistenceUnitInfo [name: default]
2021-06-19 12:26:20,501 INFO org.hibernate.Version [main] HHH000412: Hibernate ORM core version 5.4.32.Final
2021-06-19 12:26:20,880 INFO org.hibernate.annotations.common.Version [main] HCANN000001: Hibernate Commons Annotations {5.1.2.Final}
2021-06-19 12:26:21,191 INFO org.hibernate.dialect.Dialect [main] HHH000400: Using dialect: org.hibernate.dialect.PostgreSQL10Dialect
2021-06-19 12:26:21,967 ERROR org.springframework.orm.jpa.LocalContainerEntityManagerFactoryBean [main] Failed to initialize JPA EntityManagerFactory: Unknown mappedBy in: com.drycleaning.bean.Customer.customerItems, referenced property unknown: java.util.List.customer
2021-06-19 12:26:21,968 WARN org.springframework.boot.web.servlet.context.AnnotationConfigServletWebServerApplicationContext [main] Exception encountered during context initialization - cancelling refresh attempt: org.springframework.beans.factory.BeanCreationException: Error creating bean with name 'entityManagerFactory' defined in class path resource [org/springframework/boot/autoconfigure/orm/jpa/HibernateJpaConfiguration.class]: Invocation of init method failed; nested exception is org.hibernate.AnnotationException: Unknown mappedBy in: com.drycleaning.bean.Customer.customerItems, referenced property unknown: java.util.List.customer
2021-06-19 12:26:21,969 INFO com.zaxxer.hikari.HikariDataSource [main] HikariPool-1 - Shutdown initiated...
2021-06-19 12:26:21,977 INFO com.zaxxer.hikari.HikariDataSource [main] HikariPool-1 - Shutdown completed.
2021-06-19 12:26:21,983 INFO org.apache.catalina.core.StandardService [main] Stopping service [Tomcat]
2021-06-19 12:26:22,008 INFO org.springframework.boot.autoconfigure.logging.ConditionEvaluationReportLoggingListener [main] 

Error starting ApplicationContext. To display the conditions report re-run your application with 'debug' enabled.
2021-06-19 12:26:22,040 ERROR org.springframework.boot.SpringApplication [main] Application run failed
org.springframework.beans.factory.BeanCreationException: Error creating bean with name 'entityManagerFactory' defined in class path resource [org/springframework/boot/autoconfigure/orm/jpa/HibernateJpaConfiguration.class]: Invocation of init method failed; nested exception is org.hibernate.AnnotationException: Unknown mappedBy in: com.drycleaning.bean.Customer.customerItems, referenced property unknown: java.util.List.customer
	at org.springframework.beans.factory.support.AbstractAutowireCapableBeanFactory.initializeBean(AbstractAutowireCapableBeanFactory.java:1786)
	at org.springframework.beans.factory.support.AbstractAutowireCapableBeanFactory.doCreateBean(AbstractAutowireCapableBeanFactory.java:602)
	at org.springframework.beans.factory.support.AbstractAutowireCapableBeanFactory.createBean(AbstractAutowireCapableBeanFactory.java:524)
	at org.springframework.beans.factory.support.AbstractBeanFactory.lambda$doGetBean$0(AbstractBeanFactory.java:335)
	at org.springframework.beans.factory.support.DefaultSingletonBeanRegistry.getSingleton(DefaultSingletonBeanRegistry.java:234)
	at org.springframework.beans.factory.support.AbstractBeanFactory.doGetBean(AbstractBeanFactory.java:333)
	at org.springframework.beans.factory.support.AbstractBeanFactory.getBean(AbstractBeanFactory.java:208)
	at org.springframework.context.support.AbstractApplicationContext.getBean(AbstractApplicationContext.java:1154)
	at org.springframework.context.support.AbstractApplicationContext.finishBeanFactoryInitialization(AbstractApplicationContext.java:908)
	at org.springframework.context.support.AbstractApplicationContext.refresh(AbstractApplicationContext.java:583)
	at org.springframework.boot.web.servlet.context.ServletWebServerApplicationContext.refresh(ServletWebServerApplicationContext.java:145)
	at org.springframework.boot.SpringApplication.refresh(SpringApplication.java:754)
	at org.springframework.boot.SpringApplication.refreshContext(SpringApplication.java:434)
	at org.springframework.boot.SpringApplication.run(SpringApplication.java:338)
	at org.springframework.boot.SpringApplication.run(SpringApplication.java:1343)
	at org.springframework.boot.SpringApplication.run(SpringApplication.java:1332)
	at com.drycleaning.ProjectApplication.main(ProjectApplication.java:21)
Caused by: org.hibernate.AnnotationException: Unknown mappedBy in: com.drycleaning.bean.Customer.customerItems, referenced property unknown: java.util.List.customer
	at org.hibernate.cfg.OneToOneSecondPass.doSecondPass(OneToOneSecondPass.java:164)
	at org.hibernate.boot.internal.InFlightMetadataCollectorImpl.processSecondPasses(InFlightMetadataCollectorImpl.java:1693)
	at org.hibernate.boot.internal.InFlightMetadataCollectorImpl.processSecondPasses(InFlightMetadataCollectorImpl.java:1661)
	at org.hibernate.boot.model.process.spi.MetadataBuildingProcess.complete(MetadataBuildingProcess.java:295)
	at org.hibernate.jpa.boot.internal.EntityManagerFactoryBuilderImpl.metadata(EntityManagerFactoryBuilderImpl.java:1224)
	at org.hibernate.jpa.boot.internal.EntityManagerFactoryBuilderImpl.build(EntityManagerFactoryBuilderImpl.java:1255)
	at org.springframework.orm.jpa.vendor.SpringHibernateJpaPersistenceProvider.createContainerEntityManagerFactory(SpringHibernateJpaPersistenceProvider.java:58)
	at org.springframework.orm.jpa.LocalContainerEntityManagerFactoryBean.createNativeEntityManagerFactory(LocalContainerEntityManagerFactoryBean.java:365)
	at org.springframework.orm.jpa.AbstractEntityManagerFactoryBean.buildNativeEntityManagerFactory(AbstractEntityManagerFactoryBean.java:409)
	at org.springframework.orm.jpa.AbstractEntityManagerFactoryBean.afterPropertiesSet(AbstractEntityManagerFactoryBean.java:396)
	at org.springframework.orm.jpa.LocalContainerEntityManagerFactoryBean.afterPropertiesSet(LocalContainerEntityManagerFactoryBean.java:341)
	at org.springframework.beans.factory.support.AbstractAutowireCapableBeanFactory.invokeInitMethods(AbstractAutowireCapableBeanFactory.java:1845)
	at org.springframework.beans.factory.support.AbstractAutowireCapableBeanFactory.initializeBean(AbstractAutowireCapableBeanFactory.java:1782)
	... 16 common frames omitted
2021-06-19 12:26:51,190 INFO com.drycleaning.ProjectApplication [main] Starting ProjectApplication using Java 15.0.2 on LAPTOP-ET4EQ226 with PID 4276 (C:\Users\hp\eclipse-workspace\workspace2\Workspace3\project\bin\main started by hp in C:\Users\hp\eclipse-workspace\workspace2\Workspace3\project)
2021-06-19 12:26:51,193 INFO com.drycleaning.ProjectApplication [main] No active profile set, falling back to default profiles: default
2021-06-19 12:26:52,799 INFO org.springframework.data.repository.config.RepositoryConfigurationDelegate [main] Bootstrapping Spring Data JPA repositories in DEFAULT mode.
2021-06-19 12:26:52,944 INFO org.springframework.data.repository.config.RepositoryConfigurationDelegate [main] Finished Spring Data repository scanning in 131 ms. Found 7 JPA repository interfaces.
2021-06-19 12:26:53,912 INFO org.springframework.boot.web.embedded.tomcat.TomcatWebServer [main] Tomcat initialized with port(s): 8086 (http)
2021-06-19 12:26:53,925 INFO org.apache.coyote.http11.Http11NioProtocol [main] Initializing ProtocolHandler ["http-nio-8086"]
2021-06-19 12:26:53,927 INFO org.apache.catalina.core.StandardService [main] Starting service [Tomcat]
2021-06-19 12:26:53,927 INFO org.apache.catalina.core.StandardEngine [main] Starting Servlet engine: [Apache Tomcat/9.0.46]
2021-06-19 12:26:54,176 INFO org.apache.catalina.core.ContainerBase.[Tomcat].[localhost].[/] [main] Initializing Spring embedded WebApplicationContext
2021-06-19 12:26:54,177 INFO org.springframework.boot.web.servlet.context.ServletWebServerApplicationContext [main] Root WebApplicationContext: initialization completed in 2896 ms
2021-06-19 12:26:54,434 INFO com.zaxxer.hikari.HikariDataSource [main] HikariPool-1 - Starting...
2021-06-19 12:26:54,709 INFO com.zaxxer.hikari.HikariDataSource [main] HikariPool-1 - Start completed.
2021-06-19 12:26:54,928 INFO org.hibernate.jpa.internal.util.LogHelper [main] HHH000204: Processing PersistenceUnitInfo [name: default]
2021-06-19 12:26:55,011 INFO org.hibernate.Version [main] HHH000412: Hibernate ORM core version 5.4.32.Final
2021-06-19 12:26:55,316 INFO org.hibernate.annotations.common.Version [main] HCANN000001: Hibernate Commons Annotations {5.1.2.Final}
2021-06-19 12:26:55,619 INFO org.hibernate.dialect.Dialect [main] HHH000400: Using dialect: org.hibernate.dialect.PostgreSQL10Dialect
2021-06-19 12:26:56,316 ERROR org.springframework.orm.jpa.LocalContainerEntityManagerFactoryBean [main] Failed to initialize JPA EntityManagerFactory: Unknown mappedBy in: com.drycleaning.bean.Customer.customerItems, referenced property unknown: java.util.List.customer
2021-06-19 12:26:56,317 WARN org.springframework.boot.web.servlet.context.AnnotationConfigServletWebServerApplicationContext [main] Exception encountered during context initialization - cancelling refresh attempt: org.springframework.beans.factory.BeanCreationException: Error creating bean with name 'entityManagerFactory' defined in class path resource [org/springframework/boot/autoconfigure/orm/jpa/HibernateJpaConfiguration.class]: Invocation of init method failed; nested exception is org.hibernate.AnnotationException: Unknown mappedBy in: com.drycleaning.bean.Customer.customerItems, referenced property unknown: java.util.List.customer
2021-06-19 12:26:56,317 INFO com.zaxxer.hikari.HikariDataSource [main] HikariPool-1 - Shutdown initiated...
2021-06-19 12:26:56,330 INFO com.zaxxer.hikari.HikariDataSource [main] HikariPool-1 - Shutdown completed.
2021-06-19 12:26:56,343 INFO org.apache.catalina.core.StandardService [main] Stopping service [Tomcat]
2021-06-19 12:26:56,373 INFO org.springframework.boot.autoconfigure.logging.ConditionEvaluationReportLoggingListener [main] 

Error starting ApplicationContext. To display the conditions report re-run your application with 'debug' enabled.
2021-06-19 12:26:56,403 ERROR org.springframework.boot.SpringApplication [main] Application run failed
org.springframework.beans.factory.BeanCreationException: Error creating bean with name 'entityManagerFactory' defined in class path resource [org/springframework/boot/autoconfigure/orm/jpa/HibernateJpaConfiguration.class]: Invocation of init method failed; nested exception is org.hibernate.AnnotationException: Unknown mappedBy in: com.drycleaning.bean.Customer.customerItems, referenced property unknown: java.util.List.customer
	at org.springframework.beans.factory.support.AbstractAutowireCapableBeanFactory.initializeBean(AbstractAutowireCapableBeanFactory.java:1786)
	at org.springframework.beans.factory.support.AbstractAutowireCapableBeanFactory.doCreateBean(AbstractAutowireCapableBeanFactory.java:602)
	at org.springframework.beans.factory.support.AbstractAutowireCapableBeanFactory.createBean(AbstractAutowireCapableBeanFactory.java:524)
	at org.springframework.beans.factory.support.AbstractBeanFactory.lambda$doGetBean$0(AbstractBeanFactory.java:335)
	at org.springframework.beans.factory.support.DefaultSingletonBeanRegistry.getSingleton(DefaultSingletonBeanRegistry.java:234)
	at org.springframework.beans.factory.support.AbstractBeanFactory.doGetBean(AbstractBeanFactory.java:333)
	at org.springframework.beans.factory.support.AbstractBeanFactory.getBean(AbstractBeanFactory.java:208)
	at org.springframework.context.support.AbstractApplicationContext.getBean(AbstractApplicationContext.java:1154)
	at org.springframework.context.support.AbstractApplicationContext.finishBeanFactoryInitialization(AbstractApplicationContext.java:908)
	at org.springframework.context.support.AbstractApplicationContext.refresh(AbstractApplicationContext.java:583)
	at org.springframework.boot.web.servlet.context.ServletWebServerApplicationContext.refresh(ServletWebServerApplicationContext.java:145)
	at org.springframework.boot.SpringApplication.refresh(SpringApplication.java:754)
	at org.springframework.boot.SpringApplication.refreshContext(SpringApplication.java:434)
	at org.springframework.boot.SpringApplication.run(SpringApplication.java:338)
	at org.springframework.boot.SpringApplication.run(SpringApplication.java:1343)
	at org.springframework.boot.SpringApplication.run(SpringApplication.java:1332)
	at com.drycleaning.ProjectApplication.main(ProjectApplication.java:21)
Caused by: org.hibernate.AnnotationException: Unknown mappedBy in: com.drycleaning.bean.Customer.customerItems, referenced property unknown: java.util.List.customer
	at org.hibernate.cfg.OneToOneSecondPass.doSecondPass(OneToOneSecondPass.java:164)
	at org.hibernate.boot.internal.InFlightMetadataCollectorImpl.processSecondPasses(InFlightMetadataCollectorImpl.java:1693)
	at org.hibernate.boot.internal.InFlightMetadataCollectorImpl.processSecondPasses(InFlightMetadataCollectorImpl.java:1661)
	at org.hibernate.boot.model.process.spi.MetadataBuildingProcess.complete(MetadataBuildingProcess.java:295)
	at org.hibernate.jpa.boot.internal.EntityManagerFactoryBuilderImpl.metadata(EntityManagerFactoryBuilderImpl.java:1224)
	at org.hibernate.jpa.boot.internal.EntityManagerFactoryBuilderImpl.build(EntityManagerFactoryBuilderImpl.java:1255)
	at org.springframework.orm.jpa.vendor.SpringHibernateJpaPersistenceProvider.createContainerEntityManagerFactory(SpringHibernateJpaPersistenceProvider.java:58)
	at org.springframework.orm.jpa.LocalContainerEntityManagerFactoryBean.createNativeEntityManagerFactory(LocalContainerEntityManagerFactoryBean.java:365)
	at org.springframework.orm.jpa.AbstractEntityManagerFactoryBean.buildNativeEntityManagerFactory(AbstractEntityManagerFactoryBean.java:409)
	at org.springframework.orm.jpa.AbstractEntityManagerFactoryBean.afterPropertiesSet(AbstractEntityManagerFactoryBean.java:396)
	at org.springframework.orm.jpa.LocalContainerEntityManagerFactoryBean.afterPropertiesSet(LocalContainerEntityManagerFactoryBean.java:341)
	at org.springframework.beans.factory.support.AbstractAutowireCapableBeanFactory.invokeInitMethods(AbstractAutowireCapableBeanFactory.java:1845)
	at org.springframework.beans.factory.support.AbstractAutowireCapableBeanFactory.initializeBean(AbstractAutowireCapableBeanFactory.java:1782)
	... 16 common frames omitted
2021-06-19 12:29:21,434 INFO com.drycleaning.ProjectApplication [main] Starting ProjectApplication using Java 15.0.2 on LAPTOP-ET4EQ226 with PID 12472 (C:\Users\hp\eclipse-workspace\workspace2\Workspace3\project\bin\main started by hp in C:\Users\hp\eclipse-workspace\workspace2\Workspace3\project)
2021-06-19 12:29:21,438 INFO com.drycleaning.ProjectApplication [main] No active profile set, falling back to default profiles: default
2021-06-19 12:29:23,088 INFO org.springframework.data.repository.config.RepositoryConfigurationDelegate [main] Bootstrapping Spring Data JPA repositories in DEFAULT mode.
2021-06-19 12:29:23,255 INFO org.springframework.data.repository.config.RepositoryConfigurationDelegate [main] Finished Spring Data repository scanning in 146 ms. Found 7 JPA repository interfaces.
2021-06-19 12:29:24,247 INFO org.springframework.boot.web.embedded.tomcat.TomcatWebServer [main] Tomcat initialized with port(s): 8086 (http)
2021-06-19 12:29:24,262 INFO org.apache.coyote.http11.Http11NioProtocol [main] Initializing ProtocolHandler ["http-nio-8086"]
2021-06-19 12:29:24,263 INFO org.apache.catalina.core.StandardService [main] Starting service [Tomcat]
2021-06-19 12:29:24,264 INFO org.apache.catalina.core.StandardEngine [main] Starting Servlet engine: [Apache Tomcat/9.0.46]
2021-06-19 12:29:24,465 INFO org.apache.catalina.core.ContainerBase.[Tomcat].[localhost].[/] [main] Initializing Spring embedded WebApplicationContext
2021-06-19 12:29:24,465 INFO org.springframework.boot.web.servlet.context.ServletWebServerApplicationContext [main] Root WebApplicationContext: initialization completed in 2945 ms
2021-06-19 12:29:24,691 INFO com.zaxxer.hikari.HikariDataSource [main] HikariPool-1 - Starting...
2021-06-19 12:29:24,991 INFO com.zaxxer.hikari.HikariDataSource [main] HikariPool-1 - Start completed.
2021-06-19 12:29:25,274 INFO org.hibernate.jpa.internal.util.LogHelper [main] HHH000204: Processing PersistenceUnitInfo [name: default]
2021-06-19 12:29:25,372 INFO org.hibernate.Version [main] HHH000412: Hibernate ORM core version 5.4.32.Final
2021-06-19 12:29:25,668 INFO org.hibernate.annotations.common.Version [main] HCANN000001: Hibernate Commons Annotations {5.1.2.Final}
2021-06-19 12:29:25,950 INFO org.hibernate.dialect.Dialect [main] HHH000400: Using dialect: org.hibernate.dialect.PostgreSQL10Dialect
2021-06-19 12:29:26,697 ERROR org.springframework.orm.jpa.LocalContainerEntityManagerFactoryBean [main] Failed to initialize JPA EntityManagerFactory: @OneToOne or @ManyToOne on com.drycleaning.bean.Customer.customerItems references an unknown entity: java.util.List
2021-06-19 12:29:26,698 WARN org.springframework.boot.web.servlet.context.AnnotationConfigServletWebServerApplicationContext [main] Exception encountered during context initialization - cancelling refresh attempt: org.springframework.beans.factory.BeanCreationException: Error creating bean with name 'entityManagerFactory' defined in class path resource [org/springframework/boot/autoconfigure/orm/jpa/HibernateJpaConfiguration.class]: Invocation of init method failed; nested exception is org.hibernate.AnnotationException: @OneToOne or @ManyToOne on com.drycleaning.bean.Customer.customerItems references an unknown entity: java.util.List
2021-06-19 12:29:26,698 INFO com.zaxxer.hikari.HikariDataSource [main] HikariPool-1 - Shutdown initiated...
2021-06-19 12:29:26,707 INFO com.zaxxer.hikari.HikariDataSource [main] HikariPool-1 - Shutdown completed.
2021-06-19 12:29:26,718 INFO org.apache.catalina.core.StandardService [main] Stopping service [Tomcat]
2021-06-19 12:29:26,741 INFO org.springframework.boot.autoconfigure.logging.ConditionEvaluationReportLoggingListener [main] 

Error starting ApplicationContext. To display the conditions report re-run your application with 'debug' enabled.
2021-06-19 12:29:26,768 ERROR org.springframework.boot.SpringApplication [main] Application run failed
org.springframework.beans.factory.BeanCreationException: Error creating bean with name 'entityManagerFactory' defined in class path resource [org/springframework/boot/autoconfigure/orm/jpa/HibernateJpaConfiguration.class]: Invocation of init method failed; nested exception is org.hibernate.AnnotationException: @OneToOne or @ManyToOne on com.drycleaning.bean.Customer.customerItems references an unknown entity: java.util.List
	at org.springframework.beans.factory.support.AbstractAutowireCapableBeanFactory.initializeBean(AbstractAutowireCapableBeanFactory.java:1786)
	at org.springframework.beans.factory.support.AbstractAutowireCapableBeanFactory.doCreateBean(AbstractAutowireCapableBeanFactory.java:602)
	at org.springframework.beans.factory.support.AbstractAutowireCapableBeanFactory.createBean(AbstractAutowireCapableBeanFactory.java:524)
	at org.springframework.beans.factory.support.AbstractBeanFactory.lambda$doGetBean$0(AbstractBeanFactory.java:335)
	at org.springframework.beans.factory.support.DefaultSingletonBeanRegistry.getSingleton(DefaultSingletonBeanRegistry.java:234)
	at org.springframework.beans.factory.support.AbstractBeanFactory.doGetBean(AbstractBeanFactory.java:333)
	at org.springframework.beans.factory.support.AbstractBeanFactory.getBean(AbstractBeanFactory.java:208)
	at org.springframework.context.support.AbstractApplicationContext.getBean(AbstractApplicationContext.java:1154)
	at org.springframework.context.support.AbstractApplicationContext.finishBeanFactoryInitialization(AbstractApplicationContext.java:908)
	at org.springframework.context.support.AbstractApplicationContext.refresh(AbstractApplicationContext.java:583)
	at org.springframework.boot.web.servlet.context.ServletWebServerApplicationContext.refresh(ServletWebServerApplicationContext.java:145)
	at org.springframework.boot.SpringApplication.refresh(SpringApplication.java:754)
	at org.springframework.boot.SpringApplication.refreshContext(SpringApplication.java:434)
	at org.springframework.boot.SpringApplication.run(SpringApplication.java:338)
	at org.springframework.boot.SpringApplication.run(SpringApplication.java:1343)
	at org.springframework.boot.SpringApplication.run(SpringApplication.java:1332)
	at com.drycleaning.ProjectApplication.main(ProjectApplication.java:21)
Caused by: org.hibernate.AnnotationException: @OneToOne or @ManyToOne on com.drycleaning.bean.Customer.customerItems references an unknown entity: java.util.List
	at org.hibernate.cfg.ToOneFkSecondPass.doSecondPass(ToOneFkSecondPass.java:100)
	at org.hibernate.boot.internal.InFlightMetadataCollectorImpl.processEndOfQueue(InFlightMetadataCollectorImpl.java:1823)
	at org.hibernate.boot.internal.InFlightMetadataCollectorImpl.processFkSecondPassesInOrder(InFlightMetadataCollectorImpl.java:1767)
	at org.hibernate.boot.internal.InFlightMetadataCollectorImpl.processSecondPasses(InFlightMetadataCollectorImpl.java:1655)
	at org.hibernate.boot.model.process.spi.MetadataBuildingProcess.complete(MetadataBuildingProcess.java:295)
	at org.hibernate.jpa.boot.internal.EntityManagerFactoryBuilderImpl.metadata(EntityManagerFactoryBuilderImpl.java:1224)
	at org.hibernate.jpa.boot.internal.EntityManagerFactoryBuilderImpl.build(EntityManagerFactoryBuilderImpl.java:1255)
	at org.springframework.orm.jpa.vendor.SpringHibernateJpaPersistenceProvider.createContainerEntityManagerFactory(SpringHibernateJpaPersistenceProvider.java:58)
	at org.springframework.orm.jpa.LocalContainerEntityManagerFactoryBean.createNativeEntityManagerFactory(LocalContainerEntityManagerFactoryBean.java:365)
	at org.springframework.orm.jpa.AbstractEntityManagerFactoryBean.buildNativeEntityManagerFactory(AbstractEntityManagerFactoryBean.java:409)
	at org.springframework.orm.jpa.AbstractEntityManagerFactoryBean.afterPropertiesSet(AbstractEntityManagerFactoryBean.java:396)
	at org.springframework.orm.jpa.LocalContainerEntityManagerFactoryBean.afterPropertiesSet(LocalContainerEntityManagerFactoryBean.java:341)
	at org.springframework.beans.factory.support.AbstractAutowireCapableBeanFactory.invokeInitMethods(AbstractAutowireCapableBeanFactory.java:1845)
	at org.springframework.beans.factory.support.AbstractAutowireCapableBeanFactory.initializeBean(AbstractAutowireCapableBeanFactory.java:1782)
	... 16 common frames omitted
2021-06-19 12:31:50,774 INFO com.drycleaning.ProjectApplication [main] Starting ProjectApplication using Java 15.0.2 on LAPTOP-ET4EQ226 with PID 18944 (C:\Users\hp\eclipse-workspace\workspace2\Workspace3\project\bin\main started by hp in C:\Users\hp\eclipse-workspace\workspace2\Workspace3\project)
2021-06-19 12:31:50,778 INFO com.drycleaning.ProjectApplication [main] No active profile set, falling back to default profiles: default
2021-06-19 12:31:52,380 INFO org.springframework.data.repository.config.RepositoryConfigurationDelegate [main] Bootstrapping Spring Data JPA repositories in DEFAULT mode.
2021-06-19 12:31:52,520 INFO org.springframework.data.repository.config.RepositoryConfigurationDelegate [main] Finished Spring Data repository scanning in 124 ms. Found 7 JPA repository interfaces.
2021-06-19 12:31:53,460 INFO org.springframework.boot.web.embedded.tomcat.TomcatWebServer [main] Tomcat initialized with port(s): 8086 (http)
2021-06-19 12:31:53,476 INFO org.apache.coyote.http11.Http11NioProtocol [main] Initializing ProtocolHandler ["http-nio-8086"]
2021-06-19 12:31:53,477 INFO org.apache.catalina.core.StandardService [main] Starting service [Tomcat]
2021-06-19 12:31:53,477 INFO org.apache.catalina.core.StandardEngine [main] Starting Servlet engine: [Apache Tomcat/9.0.46]
2021-06-19 12:31:53,663 INFO org.apache.catalina.core.ContainerBase.[Tomcat].[localhost].[/] [main] Initializing Spring embedded WebApplicationContext
2021-06-19 12:31:53,664 INFO org.springframework.boot.web.servlet.context.ServletWebServerApplicationContext [main] Root WebApplicationContext: initialization completed in 2802 ms
2021-06-19 12:31:53,880 INFO com.zaxxer.hikari.HikariDataSource [main] HikariPool-1 - Starting...
2021-06-19 12:31:54,322 INFO com.zaxxer.hikari.HikariDataSource [main] HikariPool-1 - Start completed.
2021-06-19 12:31:54,547 INFO org.hibernate.jpa.internal.util.LogHelper [main] HHH000204: Processing PersistenceUnitInfo [name: default]
2021-06-19 12:31:54,659 INFO org.hibernate.Version [main] HHH000412: Hibernate ORM core version 5.4.32.Final
2021-06-19 12:31:54,959 INFO org.hibernate.annotations.common.Version [main] HCANN000001: Hibernate Commons Annotations {5.1.2.Final}
2021-06-19 12:31:55,249 INFO org.hibernate.dialect.Dialect [main] HHH000400: Using dialect: org.hibernate.dialect.PostgreSQL10Dialect
2021-06-19 12:31:56,272 ERROR org.springframework.orm.jpa.LocalContainerEntityManagerFactoryBean [main] Failed to initialize JPA EntityManagerFactory: [PersistenceUnit: default] Unable to build Hibernate SessionFactory; nested exception is org.hibernate.MappingException: Could not determine type for: com.drycleaning.bean.Customer, at table: booking, for columns: [org.hibernate.mapping.Column(customer_details)]
2021-06-19 12:31:56,273 WARN org.springframework.boot.web.servlet.context.AnnotationConfigServletWebServerApplicationContext [main] Exception encountered during context initialization - cancelling refresh attempt: org.springframework.beans.factory.BeanCreationException: Error creating bean with name 'entityManagerFactory' defined in class path resource [org/springframework/boot/autoconfigure/orm/jpa/HibernateJpaConfiguration.class]: Invocation of init method failed; nested exception is javax.persistence.PersistenceException: [PersistenceUnit: default] Unable to build Hibernate SessionFactory; nested exception is org.hibernate.MappingException: Could not determine type for: com.drycleaning.bean.Customer, at table: booking, for columns: [org.hibernate.mapping.Column(customer_details)]
2021-06-19 12:31:56,274 INFO com.zaxxer.hikari.HikariDataSource [main] HikariPool-1 - Shutdown initiated...
2021-06-19 12:31:56,284 INFO com.zaxxer.hikari.HikariDataSource [main] HikariPool-1 - Shutdown completed.
2021-06-19 12:31:56,289 INFO org.apache.catalina.core.StandardService [main] Stopping service [Tomcat]
2021-06-19 12:31:56,317 INFO org.springframework.boot.autoconfigure.logging.ConditionEvaluationReportLoggingListener [main] 

Error starting ApplicationContext. To display the conditions report re-run your application with 'debug' enabled.
2021-06-19 12:31:56,343 ERROR org.springframework.boot.SpringApplication [main] Application run failed
org.springframework.beans.factory.BeanCreationException: Error creating bean with name 'entityManagerFactory' defined in class path resource [org/springframework/boot/autoconfigure/orm/jpa/HibernateJpaConfiguration.class]: Invocation of init method failed; nested exception is javax.persistence.PersistenceException: [PersistenceUnit: default] Unable to build Hibernate SessionFactory; nested exception is org.hibernate.MappingException: Could not determine type for: com.drycleaning.bean.Customer, at table: booking, for columns: [org.hibernate.mapping.Column(customer_details)]
	at org.springframework.beans.factory.support.AbstractAutowireCapableBeanFactory.initializeBean(AbstractAutowireCapableBeanFactory.java:1786)
	at org.springframework.beans.factory.support.AbstractAutowireCapableBeanFactory.doCreateBean(AbstractAutowireCapableBeanFactory.java:602)
	at org.springframework.beans.factory.support.AbstractAutowireCapableBeanFactory.createBean(AbstractAutowireCapableBeanFactory.java:524)
	at org.springframework.beans.factory.support.AbstractBeanFactory.lambda$doGetBean$0(AbstractBeanFactory.java:335)
	at org.springframework.beans.factory.support.DefaultSingletonBeanRegistry.getSingleton(DefaultSingletonBeanRegistry.java:234)
	at org.springframework.beans.factory.support.AbstractBeanFactory.doGetBean(AbstractBeanFactory.java:333)
	at org.springframework.beans.factory.support.AbstractBeanFactory.getBean(AbstractBeanFactory.java:208)
	at org.springframework.context.support.AbstractApplicationContext.getBean(AbstractApplicationContext.java:1154)
	at org.springframework.context.support.AbstractApplicationContext.finishBeanFactoryInitialization(AbstractApplicationContext.java:908)
	at org.springframework.context.support.AbstractApplicationContext.refresh(AbstractApplicationContext.java:583)
	at org.springframework.boot.web.servlet.context.ServletWebServerApplicationContext.refresh(ServletWebServerApplicationContext.java:145)
	at org.springframework.boot.SpringApplication.refresh(SpringApplication.java:754)
	at org.springframework.boot.SpringApplication.refreshContext(SpringApplication.java:434)
	at org.springframework.boot.SpringApplication.run(SpringApplication.java:338)
	at org.springframework.boot.SpringApplication.run(SpringApplication.java:1343)
	at org.springframework.boot.SpringApplication.run(SpringApplication.java:1332)
	at com.drycleaning.ProjectApplication.main(ProjectApplication.java:21)
Caused by: javax.persistence.PersistenceException: [PersistenceUnit: default] Unable to build Hibernate SessionFactory; nested exception is org.hibernate.MappingException: Could not determine type for: com.drycleaning.bean.Customer, at table: booking, for columns: [org.hibernate.mapping.Column(customer_details)]
	at org.springframework.orm.jpa.AbstractEntityManagerFactoryBean.buildNativeEntityManagerFactory(AbstractEntityManagerFactoryBean.java:421)
	at org.springframework.orm.jpa.AbstractEntityManagerFactoryBean.afterPropertiesSet(AbstractEntityManagerFactoryBean.java:396)
	at org.springframework.orm.jpa.LocalContainerEntityManagerFactoryBean.afterPropertiesSet(LocalContainerEntityManagerFactoryBean.java:341)
	at org.springframework.beans.factory.support.AbstractAutowireCapableBeanFactory.invokeInitMethods(AbstractAutowireCapableBeanFactory.java:1845)
	at org.springframework.beans.factory.support.AbstractAutowireCapableBeanFactory.initializeBean(AbstractAutowireCapableBeanFactory.java:1782)
	... 16 common frames omitted
Caused by: org.hibernate.MappingException: Could not determine type for: com.drycleaning.bean.Customer, at table: booking, for columns: [org.hibernate.mapping.Column(customer_details)]
	at org.hibernate.mapping.SimpleValue.getType(SimpleValue.java:499)
	at org.hibernate.mapping.SimpleValue.isValid(SimpleValue.java:466)
	at org.hibernate.mapping.Property.isValid(Property.java:227)
	at org.hibernate.mapping.PersistentClass.validate(PersistentClass.java:624)
	at org.hibernate.mapping.RootClass.validate(RootClass.java:267)
	at org.hibernate.boot.internal.MetadataImpl.validate(MetadataImpl.java:354)
	at org.hibernate.internal.SessionFactoryImpl.<init>(SessionFactoryImpl.java:298)
	at org.hibernate.boot.internal.SessionFactoryBuilderImpl.build(SessionFactoryBuilderImpl.java:468)
	at org.hibernate.jpa.boot.internal.EntityManagerFactoryBuilderImpl.build(EntityManagerFactoryBuilderImpl.java:1259)
	at org.springframework.orm.jpa.vendor.SpringHibernateJpaPersistenceProvider.createContainerEntityManagerFactory(SpringHibernateJpaPersistenceProvider.java:58)
	at org.springframework.orm.jpa.LocalContainerEntityManagerFactoryBean.createNativeEntityManagerFactory(LocalContainerEntityManagerFactoryBean.java:365)
	at org.springframework.orm.jpa.AbstractEntityManagerFactoryBean.buildNativeEntityManagerFactory(AbstractEntityManagerFactoryBean.java:409)
	... 20 common frames omitted
2021-06-19 12:42:54,061 INFO com.drycleaning.ProjectApplication [main] Starting ProjectApplication using Java 15.0.2 on LAPTOP-ET4EQ226 with PID 7332 (C:\Users\hp\eclipse-workspace\workspace2\Workspace3\project\bin\main started by hp in C:\Users\hp\eclipse-workspace\workspace2\Workspace3\project)
2021-06-19 12:42:54,064 INFO com.drycleaning.ProjectApplication [main] No active profile set, falling back to default profiles: default
2021-06-19 12:42:55,584 INFO org.springframework.data.repository.config.RepositoryConfigurationDelegate [main] Bootstrapping Spring Data JPA repositories in DEFAULT mode.
2021-06-19 12:42:55,727 INFO org.springframework.data.repository.config.RepositoryConfigurationDelegate [main] Finished Spring Data repository scanning in 127 ms. Found 7 JPA repository interfaces.
2021-06-19 12:42:56,649 INFO org.springframework.boot.web.embedded.tomcat.TomcatWebServer [main] Tomcat initialized with port(s): 8086 (http)
2021-06-19 12:42:56,662 INFO org.apache.coyote.http11.Http11NioProtocol [main] Initializing ProtocolHandler ["http-nio-8086"]
2021-06-19 12:42:56,663 INFO org.apache.catalina.core.StandardService [main] Starting service [Tomcat]
2021-06-19 12:42:56,664 INFO org.apache.catalina.core.StandardEngine [main] Starting Servlet engine: [Apache Tomcat/9.0.46]
2021-06-19 12:42:56,848 INFO org.apache.catalina.core.ContainerBase.[Tomcat].[localhost].[/] [main] Initializing Spring embedded WebApplicationContext
2021-06-19 12:42:56,849 INFO org.springframework.boot.web.servlet.context.ServletWebServerApplicationContext [main] Root WebApplicationContext: initialization completed in 2705 ms
2021-06-19 12:42:57,076 INFO com.zaxxer.hikari.HikariDataSource [main] HikariPool-1 - Starting...
2021-06-19 12:42:57,362 INFO com.zaxxer.hikari.HikariDataSource [main] HikariPool-1 - Start completed.
2021-06-19 12:42:57,593 INFO org.hibernate.jpa.internal.util.LogHelper [main] HHH000204: Processing PersistenceUnitInfo [name: default]
2021-06-19 12:42:57,702 INFO org.hibernate.Version [main] HHH000412: Hibernate ORM core version 5.4.32.Final
2021-06-19 12:42:57,948 INFO org.hibernate.annotations.common.Version [main] HCANN000001: Hibernate Commons Annotations {5.1.2.Final}
2021-06-19 12:42:58,230 INFO org.hibernate.dialect.Dialect [main] HHH000400: Using dialect: org.hibernate.dialect.PostgreSQL10Dialect
2021-06-19 12:42:59,051 ERROR org.springframework.orm.jpa.LocalContainerEntityManagerFactoryBean [main] Failed to initialize JPA EntityManagerFactory: Illegal attempt to map a non collection as a @OneToMany, @ManyToMany or @CollectionOfElements: com.drycleaning.bean.Order.bookingDetails
2021-06-19 12:42:59,052 WARN org.springframework.boot.web.servlet.context.AnnotationConfigServletWebServerApplicationContext [main] Exception encountered during context initialization - cancelling refresh attempt: org.springframework.beans.factory.BeanCreationException: Error creating bean with name 'entityManagerFactory' defined in class path resource [org/springframework/boot/autoconfigure/orm/jpa/HibernateJpaConfiguration.class]: Invocation of init method failed; nested exception is org.hibernate.AnnotationException: Illegal attempt to map a non collection as a @OneToMany, @ManyToMany or @CollectionOfElements: com.drycleaning.bean.Order.bookingDetails
2021-06-19 12:42:59,053 INFO com.zaxxer.hikari.HikariDataSource [main] HikariPool-1 - Shutdown initiated...
2021-06-19 12:42:59,062 INFO com.zaxxer.hikari.HikariDataSource [main] HikariPool-1 - Shutdown completed.
2021-06-19 12:42:59,074 INFO org.apache.catalina.core.StandardService [main] Stopping service [Tomcat]
2021-06-19 12:42:59,099 INFO org.springframework.boot.autoconfigure.logging.ConditionEvaluationReportLoggingListener [main] 

Error starting ApplicationContext. To display the conditions report re-run your application with 'debug' enabled.
2021-06-19 12:42:59,130 ERROR org.springframework.boot.SpringApplication [main] Application run failed
org.springframework.beans.factory.BeanCreationException: Error creating bean with name 'entityManagerFactory' defined in class path resource [org/springframework/boot/autoconfigure/orm/jpa/HibernateJpaConfiguration.class]: Invocation of init method failed; nested exception is org.hibernate.AnnotationException: Illegal attempt to map a non collection as a @OneToMany, @ManyToMany or @CollectionOfElements: com.drycleaning.bean.Order.bookingDetails
	at org.springframework.beans.factory.support.AbstractAutowireCapableBeanFactory.initializeBean(AbstractAutowireCapableBeanFactory.java:1786)
	at org.springframework.beans.factory.support.AbstractAutowireCapableBeanFactory.doCreateBean(AbstractAutowireCapableBeanFactory.java:602)
	at org.springframework.beans.factory.support.AbstractAutowireCapableBeanFactory.createBean(AbstractAutowireCapableBeanFactory.java:524)
	at org.springframework.beans.factory.support.AbstractBeanFactory.lambda$doGetBean$0(AbstractBeanFactory.java:335)
	at org.springframework.beans.factory.support.DefaultSingletonBeanRegistry.getSingleton(DefaultSingletonBeanRegistry.java:234)
	at org.springframework.beans.factory.support.AbstractBeanFactory.doGetBean(AbstractBeanFactory.java:333)
	at org.springframework.beans.factory.support.AbstractBeanFactory.getBean(AbstractBeanFactory.java:208)
	at org.springframework.context.support.AbstractApplicationContext.getBean(AbstractApplicationContext.java:1154)
	at org.springframework.context.support.AbstractApplicationContext.finishBeanFactoryInitialization(AbstractApplicationContext.java:908)
	at org.springframework.context.support.AbstractApplicationContext.refresh(AbstractApplicationContext.java:583)
	at org.springframework.boot.web.servlet.context.ServletWebServerApplicationContext.refresh(ServletWebServerApplicationContext.java:145)
	at org.springframework.boot.SpringApplication.refresh(SpringApplication.java:754)
	at org.springframework.boot.SpringApplication.refreshContext(SpringApplication.java:434)
	at org.springframework.boot.SpringApplication.run(SpringApplication.java:338)
	at org.springframework.boot.SpringApplication.run(SpringApplication.java:1343)
	at org.springframework.boot.SpringApplication.run(SpringApplication.java:1332)
	at com.drycleaning.ProjectApplication.main(ProjectApplication.java:21)
Caused by: org.hibernate.AnnotationException: Illegal attempt to map a non collection as a @OneToMany, @ManyToMany or @CollectionOfElements: com.drycleaning.bean.Order.bookingDetails
	at org.hibernate.cfg.annotations.CollectionBinder.getCollectionBinder(CollectionBinder.java:323)
	at org.hibernate.cfg.AnnotationBinder.processElementAnnotations(AnnotationBinder.java:1956)
	at org.hibernate.cfg.AnnotationBinder.processIdPropertiesIfNotAlready(AnnotationBinder.java:979)
	at org.hibernate.cfg.AnnotationBinder.bindClass(AnnotationBinder.java:806)
	at org.hibernate.boot.model.source.internal.annotations.AnnotationMetadataSourceProcessorImpl.processEntityHierarchies(AnnotationMetadataSourceProcessorImpl.java:248)
	at org.hibernate.boot.model.process.spi.MetadataBuildingProcess$1.processEntityHierarchies(MetadataBuildingProcess.java:239)
	at org.hibernate.boot.model.process.spi.MetadataBuildingProcess.complete(MetadataBuildingProcess.java:282)
	at org.hibernate.jpa.boot.internal.EntityManagerFactoryBuilderImpl.metadata(EntityManagerFactoryBuilderImpl.java:1224)
	at org.hibernate.jpa.boot.internal.EntityManagerFactoryBuilderImpl.build(EntityManagerFactoryBuilderImpl.java:1255)
	at org.springframework.orm.jpa.vendor.SpringHibernateJpaPersistenceProvider.createContainerEntityManagerFactory(SpringHibernateJpaPersistenceProvider.java:58)
	at org.springframework.orm.jpa.LocalContainerEntityManagerFactoryBean.createNativeEntityManagerFactory(LocalContainerEntityManagerFactoryBean.java:365)
	at org.springframework.orm.jpa.AbstractEntityManagerFactoryBean.buildNativeEntityManagerFactory(AbstractEntityManagerFactoryBean.java:409)
	at org.springframework.orm.jpa.AbstractEntityManagerFactoryBean.afterPropertiesSet(AbstractEntityManagerFactoryBean.java:396)
	at org.springframework.orm.jpa.LocalContainerEntityManagerFactoryBean.afterPropertiesSet(LocalContainerEntityManagerFactoryBean.java:341)
	at org.springframework.beans.factory.support.AbstractAutowireCapableBeanFactory.invokeInitMethods(AbstractAutowireCapableBeanFactory.java:1845)
	at org.springframework.beans.factory.support.AbstractAutowireCapableBeanFactory.initializeBean(AbstractAutowireCapableBeanFactory.java:1782)
	... 16 common frames omitted
2021-06-19 12:43:16,886 INFO com.drycleaning.ProjectApplication [main] Starting ProjectApplication using Java 15.0.2 on LAPTOP-ET4EQ226 with PID 11404 (C:\Users\hp\eclipse-workspace\workspace2\Workspace3\project\bin\main started by hp in C:\Users\hp\eclipse-workspace\workspace2\Workspace3\project)
2021-06-19 12:43:16,890 INFO com.drycleaning.ProjectApplication [main] No active profile set, falling back to default profiles: default
2021-06-19 12:43:18,389 INFO org.springframework.data.repository.config.RepositoryConfigurationDelegate [main] Bootstrapping Spring Data JPA repositories in DEFAULT mode.
2021-06-19 12:43:18,526 INFO org.springframework.data.repository.config.RepositoryConfigurationDelegate [main] Finished Spring Data repository scanning in 122 ms. Found 7 JPA repository interfaces.
2021-06-19 12:43:19,426 INFO org.springframework.boot.web.embedded.tomcat.TomcatWebServer [main] Tomcat initialized with port(s): 8086 (http)
2021-06-19 12:43:19,439 INFO org.apache.coyote.http11.Http11NioProtocol [main] Initializing ProtocolHandler ["http-nio-8086"]
2021-06-19 12:43:19,440 INFO org.apache.catalina.core.StandardService [main] Starting service [Tomcat]
2021-06-19 12:43:19,441 INFO org.apache.catalina.core.StandardEngine [main] Starting Servlet engine: [Apache Tomcat/9.0.46]
2021-06-19 12:43:19,620 INFO org.apache.catalina.core.ContainerBase.[Tomcat].[localhost].[/] [main] Initializing Spring embedded WebApplicationContext
2021-06-19 12:43:19,620 INFO org.springframework.boot.web.servlet.context.ServletWebServerApplicationContext [main] Root WebApplicationContext: initialization completed in 2642 ms
2021-06-19 12:43:19,832 INFO com.zaxxer.hikari.HikariDataSource [main] HikariPool-1 - Starting...
2021-06-19 12:43:20,098 INFO com.zaxxer.hikari.HikariDataSource [main] HikariPool-1 - Start completed.
2021-06-19 12:43:20,298 INFO org.hibernate.jpa.internal.util.LogHelper [main] HHH000204: Processing PersistenceUnitInfo [name: default]
2021-06-19 12:43:20,390 INFO org.hibernate.Version [main] HHH000412: Hibernate ORM core version 5.4.32.Final
2021-06-19 12:43:20,680 INFO org.hibernate.annotations.common.Version [main] HCANN000001: Hibernate Commons Annotations {5.1.2.Final}
2021-06-19 12:43:20,924 INFO org.hibernate.dialect.Dialect [main] HHH000400: Using dialect: org.hibernate.dialect.PostgreSQL10Dialect
2021-06-19 12:43:23,546 INFO org.hibernate.engine.transaction.jta.platform.internal.JtaPlatformInitiator [main] HHH000490: Using JtaPlatform implementation: [org.hibernate.engine.transaction.jta.platform.internal.NoJtaPlatform]
2021-06-19 12:43:23,559 INFO org.springframework.orm.jpa.LocalContainerEntityManagerFactoryBean [main] Initialized JPA EntityManagerFactory for persistence unit 'default'
2021-06-19 12:43:26,309 INFO org.apache.coyote.http11.Http11NioProtocol [main] Starting ProtocolHandler ["http-nio-8086"]
2021-06-19 12:43:26,393 INFO org.springframework.boot.web.embedded.tomcat.TomcatWebServer [main] Tomcat started on port(s): 8086 (http) with context path ''
2021-06-19 12:43:27,258 INFO com.drycleaning.ProjectApplication [main] Started ProjectApplication in 10.91 seconds (JVM running for 12.28)
2021-06-19 14:09:35,295 INFO org.springframework.boot.admin.SpringApplicationAdminMXBeanRegistrar$SpringApplicationAdmin [RMI TCP Connection(2)-127.0.0.1] Application shutdown requested.
2021-06-19 14:09:35,408 INFO org.springframework.orm.jpa.LocalContainerEntityManagerFactoryBean [RMI TCP Connection(2)-127.0.0.1] Closing JPA EntityManagerFactory for persistence unit 'default'
2021-06-19 14:09:35,414 INFO com.zaxxer.hikari.HikariDataSource [RMI TCP Connection(2)-127.0.0.1] HikariPool-1 - Shutdown initiated...
2021-06-19 14:09:35,431 INFO com.zaxxer.hikari.HikariDataSource [RMI TCP Connection(2)-127.0.0.1] HikariPool-1 - Shutdown completed.
